-------------------------------------------------------------------------------
Test set: com.techscore.springboot.DemoSystemApplicationTests
-------------------------------------------------------------------------------
Tests run: 1, Failures: 0, Errors: 1, Skipped: 0, Time elapsed: 1.166 s <<< FAILURE! - in com.techscore.springboot.DemoSystemApplicationTests
initializationError(com.techscore.springboot.DemoSystemApplicationTests)  Time elapsed: 0.012 s  <<< ERROR!
java.lang.IllegalStateException: Unable to find a @SpringBootConfiguration, you need to use @ContextConfiguration or @SpringBootTest(classes=...) with your test

